Using pre-set license
Built from '2020.3/china_unity/release' branch; Version is '2020.3.0f1c1 (1e553bf703d9) revision 1987899'; Using compiler version '192528614'; Build Type 'Release'
OS: 'Windows 10 Enterprise; OS build 18363.1440; Version 1909; 64bit' Language: 'zh' Physical Memory: 16323 MB
BatchMode: 1, IsHumanControllingUs: 0, StartBugReporterOnCrash: 0, Is64bit: 1, IsPro: 0

 COMMAND LINE ARGUMENTS:
D:\software\Unity\2020.3.0f1c1\Editor\Unity.exe
-adb2
-batchMode
-noUpm
-name
AssetImportWorker0
-projectPath
D:/learning/UnityProject/BaseScene
-logFile
Logs/AssetImportWorker0.log
-srvPort
58521
Successfully changed project path to: D:/learning/UnityProject/BaseScene
D:/learning/UnityProject/BaseScene
Using Asset Import Pipeline V2.
Refreshing native plugins compatible for Editor in 24.39 ms, found 0 plugins.
Preloading 0 native plugins for Editor in 0.00 ms.
Initialize engine version: 2020.3.0f1c1 (1e553bf703d9)
[Subsystems] Discovering subsystems at path D:/software/Unity/2020.3.0f1c1/Editor/Data/Resources/UnitySubsystems
[Subsystems] Discovering subsystems at path D:/learning/UnityProject/BaseScene/Assets
GfxDevice: creating device client; threaded=0
Direct3D:
    Version:  Direct3D 11.0 [level 11.1]
    Renderer: NVIDIA GeForce GTX 1050 Ti (ID=0x1c82)
    Vendor:   
    VRAM:     4018 MB
    Driver:   26.21.14.4587
Shader 'Unlit/ScrollingBackground': fallback shader 'VerterLit' not found
Initialize mono
Mono path[0] = 'D:/software/Unity/2020.3.0f1c1/Editor/Data/Managed'
Mono path[1] = 'D:/software/Unity/2020.3.0f1c1/Editor/Data/MonoBleedingEdge/lib/mono/unityjit'
Mono config path = 'D:/software/Unity/2020.3.0f1c1/Editor/Data/MonoBleedingEdge/etc'
Using monoOptions --debugger-agent=transport=dt_socket,embedding=1,server=y,suspend=n,address=127.0.0.1:56516
Begin MonoManager ReloadAssembly
Registering precompiled unity dll's ...
Register platform support module: D:/software/Unity/2020.3.0f1c1/Editor/Data/PlaybackEngines/WindowsStandaloneSupport/UnityEditor.WindowsStandalone.Extensions.dll
Registered in 0.000933 seconds.
Native extension for WindowsStandalone target not found
Refreshing native plugins compatible for Editor in 23.95 ms, found 0 plugins.
Preloading 0 native plugins for Editor in 0.00 ms.
Invoked RoslynAnalysisRunner static constructor.
RoslynAnalysisRunner will not be running.
RoslynAnalysisRunner has terminated.
Mono: successfully reloaded assembly
- Completed reload, in  1.292 seconds
Platform modules already initialized, skipping
Registering precompiled user dll's ...
Registered in 0.000535 seconds.
Begin MonoManager ReloadAssembly
Native extension for WindowsStandalone target not found
Refreshing native plugins compatible for Editor in 0.20 ms, found 0 plugins.
Preloading 0 native plugins for Editor in 0.00 ms.
Invoked RoslynAnalysisRunner static constructor.
RoslynAnalysisRunner will not be running.
RoslynAnalysisRunner has terminated.
Mono: successfully reloaded assembly
- Completed reload, in  0.854 seconds
Platform modules already initialized, skipping
========================================================================
Worker process is ready to serve import requests
Shader 'Unlit/ScrollingBackground': fallback shader 'VerterLit' not found
Launched and connected shader compiler UnityShaderCompiler.exe after 0.05 seconds
Refreshing native plugins compatible for Editor in 0.20 ms, found 0 plugins.
Preloading 0 native plugins for Editor in 0.00 ms.
Unloading 1147 Unused Serialized files (Serialized files now loaded: 0)
System memory in use before: 83.4 MB.
System memory in use after: 83.4 MB.

Unloading 10 unused Assets to reduce memory usage. Loaded Objects now: 1614.
Total: 1.810300 ms (FindLiveObjects: 0.149000 ms CreateObjectMapping: 0.139600 ms MarkObjects: 1.419500 ms  DeleteObjects: 0.101400 ms)

========================================================================
Received Import Request.
  path: Assets/Shader/Dissolve.shader
  artifactKey: Guid(89268243a9c830f48b30b89975b8ed08) Importer(815301076,1909f56bfc062723c751e8b465ee728b)
Start importing Assets/Shader/Dissolve.shader using Guid(89268243a9c830f48b30b89975b8ed08) Importer(815301076,1909f56bfc062723c751e8b465ee728b)  -> (artifact id: '7649888cab920374c0273d90c4ae9588') in 0.039181 seconds
  Import took 0.041082 seconds .

========================================================================
Received Import Request.
  Time since last request: 1289.560445 seconds.
  path: Assets/Shader/Dissolve.shader
  artifactKey: Guid(89268243a9c830f48b30b89975b8ed08) Importer(815301076,1909f56bfc062723c751e8b465ee728b)
Start importing Assets/Shader/Dissolve.shader using Guid(89268243a9c830f48b30b89975b8ed08) Importer(815301076,1909f56bfc062723c751e8b465ee728b)  -> (artifact id: 'e8f70a78d21da4ae373b488cba8eff50') in 0.017160 seconds
  Import took 0.020649 seconds .

AssetImportWorkerClient::OnTransportError - code=2 error=End of file
